#! /c/Source/iverilog-install/bin/vvp
:ivl_version "12.0 (devel)" "(s20150603-1110-g18392a46)";
:ivl_delay_selection "TYPICAL";
:vpi_time_precision + 0;
:vpi_module "C:\iverilog\lib\ivl\system.vpi";
:vpi_module "C:\iverilog\lib\ivl\vhdl_sys.vpi";
:vpi_module "C:\iverilog\lib\ivl\vhdl_textio.vpi";
:vpi_module "C:\iverilog\lib\ivl\v2005_math.vpi";
:vpi_module "C:\iverilog\lib\ivl\va_math.vpi";
S_0000028e97550c80 .scope module, "tb_system" "tb_system" 2 1;
 .timescale 0 0;
v0000028e975c08c0_0 .var "cin", 0 0;
v0000028e975c0aa0_0 .var "clk", 0 0;
v0000028e975c0b40_0 .net "cout", 0 0, L_0000028e975c1040;  1 drivers
v0000028e975c0c80_0 .var "d_a", 15 0;
v0000028e975c14a0_0 .var "d_b", 15 0;
v0000028e975c0640_0 .var "en_a", 0 0;
v0000028e975c0dc0_0 .var "en_b", 0 0;
v0000028e975c06e0_0 .var "en_result", 0 0;
v0000028e975c0140_0 .net "result", 15 0, L_0000028e97564d70;  1 drivers
v0000028e975c0960_0 .var "rstn", 0 0;
S_0000028e97552b10 .scope module, "uut" "system" 2 7, 3 1 0, S_0000028e97550c80;
 .timescale 0 0;
    .port_info 0 /INPUT 16 "d_a";
    .port_info 1 /INPUT 16 "d_b";
    .port_info 2 /INPUT 1 "clk";
    .port_info 3 /INPUT 1 "rstn";
    .port_info 4 /INPUT 1 "en_a";
    .port_info 5 /INPUT 1 "en_b";
    .port_info 6 /INPUT 1 "en_result";
    .port_info 7 /INPUT 1 "cin";
    .port_info 8 /OUTPUT 16 "result";
    .port_info 9 /OUTPUT 1 "cout";
L_0000028e97564d70 .functor BUFZ 16, v0000028e975be920_0, C4<0000000000000000>, C4<0000000000000000>, C4<0000000000000000>;
v0000028e975bf000_0 .net "cin", 0 0, v0000028e975c08c0_0;  1 drivers
v0000028e975bed80_0 .net "clk", 0 0, v0000028e975c0aa0_0;  1 drivers
v0000028e975bf140_0 .net "cout", 0 0, L_0000028e975c1040;  alias, 1 drivers
v0000028e975bf780_0 .net "d_a", 15 0, v0000028e975c0c80_0;  1 drivers
v0000028e975bf1e0_0 .net "d_b", 15 0, v0000028e975c14a0_0;  1 drivers
v0000028e975bf320_0 .net "en_a", 0 0, v0000028e975c0640_0;  1 drivers
v0000028e975c1e00_0 .net "en_b", 0 0, v0000028e975c0dc0_0;  1 drivers
v0000028e975c1ea0_0 .net "en_result", 0 0, v0000028e975c06e0_0;  1 drivers
v0000028e975c05a0_0 .net "q_a", 15 0, v0000028e975bf460_0;  1 drivers
v0000028e975c1cc0_0 .net "q_b", 15 0, v0000028e975bf6e0_0;  1 drivers
v0000028e975c0780_0 .net "q_result", 15 0, v0000028e975be920_0;  1 drivers
v0000028e975c17c0_0 .net "result", 15 0, L_0000028e97564d70;  alias, 1 drivers
v0000028e975c15e0_0 .net "rstn", 0 0, v0000028e975c0960_0;  1 drivers
v0000028e975c0be0_0 .net "sum_wire", 15 0, L_0000028e975c1fe0;  1 drivers
S_0000028e9754ea90 .scope module, "adder_inst" "adder_16bits" 3 44, 4 1 0, S_0000028e97552b10;
 .timescale 0 0;
    .port_info 0 /INPUT 16 "a";
    .port_info 1 /INPUT 16 "b";
    .port_info 2 /INPUT 1 "cin";
    .port_info 3 /OUTPUT 16 "sum";
    .port_info 4 /OUTPUT 1 "cout";
L_0000028e975c2150 .functor BUFT 1, C4<0>, C4<0>, C4<0>, C4<0>;
v0000028e97552d50_0 .net *"_ivl_10", 0 0, L_0000028e975c2150;  1 drivers
v0000028e9754cdf0_0 .net *"_ivl_11", 16 0, L_0000028e975c0820;  1 drivers
v0000028e9749bb90_0 .net *"_ivl_13", 16 0, L_0000028e975c1360;  1 drivers
L_0000028e975c2198 .functor BUFT 1, C4<0000000000000000>, C4<0>, C4<0>, C4<0>;
v0000028e975230d0_0 .net *"_ivl_16", 15 0, L_0000028e975c2198;  1 drivers
v0000028e97522e10_0 .net *"_ivl_17", 16 0, L_0000028e975c1900;  1 drivers
v0000028e9754ec20_0 .net *"_ivl_3", 16 0, L_0000028e975c1d60;  1 drivers
L_0000028e975c2108 .functor BUFT 1, C4<0>, C4<0>, C4<0>, C4<0>;
v0000028e9754ecc0_0 .net *"_ivl_6", 0 0, L_0000028e975c2108;  1 drivers
v0000028e9754ed60_0 .net *"_ivl_7", 16 0, L_0000028e975c1f40;  1 drivers
v0000028e9754ee00_0 .net "a", 15 0, v0000028e975bf460_0;  alias, 1 drivers
v0000028e975bf640_0 .net "b", 15 0, v0000028e975bf6e0_0;  alias, 1 drivers
v0000028e975bf820_0 .net "cin", 0 0, v0000028e975c08c0_0;  alias, 1 drivers
v0000028e975bf3c0_0 .net "cout", 0 0, L_0000028e975c1040;  alias, 1 drivers
v0000028e975be9c0_0 .net "sum", 15 0, L_0000028e975c1fe0;  alias, 1 drivers
L_0000028e975c1040 .part L_0000028e975c1900, 16, 1;
L_0000028e975c1fe0 .part L_0000028e975c1900, 0, 16;
L_0000028e975c1d60 .concat [ 16 1 0 0], v0000028e975bf460_0, L_0000028e975c2108;
L_0000028e975c1f40 .concat [ 16 1 0 0], v0000028e975bf6e0_0, L_0000028e975c2150;
L_0000028e975c0820 .arith/sum 17, L_0000028e975c1d60, L_0000028e975c1f40;
L_0000028e975c1360 .concat [ 1 16 0 0], v0000028e975c08c0_0, L_0000028e975c2198;
L_0000028e975c1900 .arith/sum 17, L_0000028e975c0820, L_0000028e975c1360;
S_0000028e9755f820 .scope module, "register_a_inst" "dff_16bit" 3 26, 5 1 0, S_0000028e97552b10;
 .timescale 0 0;
    .port_info 0 /INPUT 16 "d";
    .port_info 1 /INPUT 1 "clk";
    .port_info 2 /INPUT 1 "rstn";
    .port_info 3 /INPUT 1 "en";
    .port_info 4 /OUTPUT 16 "q";
v0000028e975bf0a0_0 .net "clk", 0 0, v0000028e975c0aa0_0;  alias, 1 drivers
v0000028e975bea60_0 .net "d", 15 0, v0000028e975c0c80_0;  alias, 1 drivers
v0000028e975bf280_0 .net "en", 0 0, v0000028e975c0640_0;  alias, 1 drivers
v0000028e975bf460_0 .var "q", 15 0;
v0000028e975beb00_0 .net "rstn", 0 0, v0000028e975c0960_0;  alias, 1 drivers
E_0000028e9755da80 .event posedge, v0000028e975bf0a0_0;
S_0000028e9755f9b0 .scope module, "register_b_inst" "dff_16bit" 3 35, 5 1 0, S_0000028e97552b10;
 .timescale 0 0;
    .port_info 0 /INPUT 16 "d";
    .port_info 1 /INPUT 1 "clk";
    .port_info 2 /INPUT 1 "rstn";
    .port_info 3 /INPUT 1 "en";
    .port_info 4 /OUTPUT 16 "q";
v0000028e975beba0_0 .net "clk", 0 0, v0000028e975c0aa0_0;  alias, 1 drivers
v0000028e975bece0_0 .net "d", 15 0, v0000028e975c14a0_0;  alias, 1 drivers
v0000028e975beec0_0 .net "en", 0 0, v0000028e975c0dc0_0;  alias, 1 drivers
v0000028e975bf6e0_0 .var "q", 15 0;
v0000028e975bf500_0 .net "rstn", 0 0, v0000028e975c0960_0;  alias, 1 drivers
S_0000028e9755fb40 .scope module, "result_register_inst" "dff_16bit" 3 53, 5 1 0, S_0000028e97552b10;
 .timescale 0 0;
    .port_info 0 /INPUT 16 "d";
    .port_info 1 /INPUT 1 "clk";
    .port_info 2 /INPUT 1 "rstn";
    .port_info 3 /INPUT 1 "en";
    .port_info 4 /OUTPUT 16 "q";
v0000028e975bec40_0 .net "clk", 0 0, v0000028e975c0aa0_0;  alias, 1 drivers
v0000028e975bee20_0 .net "d", 15 0, L_0000028e975c1fe0;  alias, 1 drivers
v0000028e975bef60_0 .net "en", 0 0, v0000028e975c06e0_0;  alias, 1 drivers
v0000028e975be920_0 .var "q", 15 0;
v0000028e975bf5a0_0 .net "rstn", 0 0, v0000028e975c0960_0;  alias, 1 drivers
    .scope S_0000028e9755f820;
T_0 ;
    %wait E_0000028e9755da80;
    %load/vec4 v0000028e975beb00_0;
    %nor/r;
    %flag_set/vec4 8;
    %jmp/0xz  T_0.0, 8;
    %pushi/vec4 0, 0, 16;
    %assign/vec4 v0000028e975bf460_0, 0;
    %jmp T_0.1;
T_0.0 ;
    %load/vec4 v0000028e975bf280_0;
    %flag_set/vec4 8;
    %jmp/0xz  T_0.2, 8;
    %load/vec4 v0000028e975bea60_0;
    %assign/vec4 v0000028e975bf460_0, 0;
T_0.2 ;
T_0.1 ;
    %jmp T_0;
    .thread T_0;
    .scope S_0000028e9755f9b0;
T_1 ;
    %wait E_0000028e9755da80;
    %load/vec4 v0000028e975bf500_0;
    %nor/r;
    %flag_set/vec4 8;
    %jmp/0xz  T_1.0, 8;
    %pushi/vec4 0, 0, 16;
    %assign/vec4 v0000028e975bf6e0_0, 0;
    %jmp T_1.1;
T_1.0 ;
    %load/vec4 v0000028e975beec0_0;
    %flag_set/vec4 8;
    %jmp/0xz  T_1.2, 8;
    %load/vec4 v0000028e975bece0_0;
    %assign/vec4 v0000028e975bf6e0_0, 0;
T_1.2 ;
T_1.1 ;
    %jmp T_1;
    .thread T_1;
    .scope S_0000028e9755fb40;
T_2 ;
    %wait E_0000028e9755da80;
    %load/vec4 v0000028e975bf5a0_0;
    %nor/r;
    %flag_set/vec4 8;
    %jmp/0xz  T_2.0, 8;
    %pushi/vec4 0, 0, 16;
    %assign/vec4 v0000028e975be920_0, 0;
    %jmp T_2.1;
T_2.0 ;
    %load/vec4 v0000028e975bef60_0;
    %flag_set/vec4 8;
    %jmp/0xz  T_2.2, 8;
    %load/vec4 v0000028e975bee20_0;
    %assign/vec4 v0000028e975be920_0, 0;
T_2.2 ;
T_2.1 ;
    %jmp T_2;
    .thread T_2;
    .scope S_0000028e97550c80;
T_3 ;
    %pushi/vec4 0, 0, 1;
    %store/vec4 v0000028e975c0aa0_0, 0, 1;
    %end;
    .thread T_3;
    .scope S_0000028e97550c80;
T_4 ;
T_4.0 ;
    %delay 5, 0;
    %load/vec4 v0000028e975c0aa0_0;
    %inv;
    %store/vec4 v0000028e975c0aa0_0, 0, 1;
    %jmp T_4.0;
    %end;
    .thread T_4;
    .scope S_0000028e97550c80;
T_5 ;
    %vpi_call 2 24 "$dumpfile", "wave.vcd" {0 0 0};
    %vpi_call 2 25 "$dumpvars", 32'sb00000000000000000000000000000000, S_0000028e97550c80 {0 0 0};
    %pushi/vec4 0, 0, 16;
    %store/vec4 v0000028e975c0c80_0, 0, 16;
    %pushi/vec4 0, 0, 16;
    %store/vec4 v0000028e975c14a0_0, 0, 16;
    %pushi/vec4 0, 0, 1;
    %store/vec4 v0000028e975c08c0_0, 0, 1;
    %pushi/vec4 0, 0, 1;
    %store/vec4 v0000028e975c0640_0, 0, 1;
    %pushi/vec4 0, 0, 1;
    %store/vec4 v0000028e975c0dc0_0, 0, 1;
    %pushi/vec4 0, 0, 1;
    %store/vec4 v0000028e975c06e0_0, 0, 1;
    %pushi/vec4 0, 0, 1;
    %store/vec4 v0000028e975c0960_0, 0, 1;
    %delay 15, 0;
    %pushi/vec4 1, 0, 1;
    %store/vec4 v0000028e975c0960_0, 0, 1;
    %delay 10, 0;
    %vpi_call 2 32 "$display", "=== \346\265\213\350\257\2251\357\274\232\345\256\214\346\225\264\345\212\240\346\263\225\346\265\201\347\250\213 ===" {0 0 0};
    %pushi/vec4 100, 0, 16;
    %store/vec4 v0000028e975c0c80_0, 0, 16;
    %pushi/vec4 1, 0, 1;
    %store/vec4 v0000028e975c0640_0, 0, 1;
    %delay 10, 0;
    %pushi/vec4 0, 0, 1;
    %store/vec4 v0000028e975c0640_0, 0, 1;
    %vpi_call 2 35 "$display", "t=%0t: \345\206\231\345\205\245A=100\357\274\214\345\275\223\345\211\215\347\273\223\346\236\234=%0d", $time, v0000028e975c0140_0 {0 0 0};
    %pushi/vec4 50, 0, 16;
    %store/vec4 v0000028e975c14a0_0, 0, 16;
    %pushi/vec4 1, 0, 1;
    %store/vec4 v0000028e975c0dc0_0, 0, 1;
    %delay 10, 0;
    %pushi/vec4 0, 0, 1;
    %store/vec4 v0000028e975c0dc0_0, 0, 1;
    %vpi_call 2 39 "$display", "t=%0t: \345\206\231\345\205\245B=50\357\274\214\345\275\223\345\211\215\347\273\223\346\236\234=%0d", $time, v0000028e975c0140_0 {0 0 0};
    %pushi/vec4 1, 0, 1;
    %store/vec4 v0000028e975c06e0_0, 0, 1;
    %delay 10, 0;
    %pushi/vec4 0, 0, 1;
    %store/vec4 v0000028e975c06e0_0, 0, 1;
    %vpi_call 2 43 "$display", "t=%0t: \345\255\230\345\202\250\347\273\223\346\236\234\357\274\214result=%0d (\345\272\224\344\270\272150)", $time, v0000028e975c0140_0 {0 0 0};
    %vpi_call 2 46 "$display", "\012=== \346\265\213\350\257\2252\357\274\232\345\217\252\346\233\264\346\226\260A\357\274\214\344\270\215\346\233\264\346\226\260\347\273\223\346\236\234 ===" {0 0 0};
    %pushi/vec4 200, 0, 16;
    %store/vec4 v0000028e975c0c80_0, 0, 16;
    %pushi/vec4 1, 0, 1;
    %store/vec4 v0000028e975c0640_0, 0, 1;
    %delay 10, 0;
    %pushi/vec4 0, 0, 1;
    %store/vec4 v0000028e975c0640_0, 0, 1;
    %vpi_call 2 48 "$display", "t=%0t: \345\206\231\345\205\245A=200\357\274\214\344\275\206\347\273\223\346\236\234\344\273\215\344\277\235\346\214\201=%0d", $time, v0000028e975c0140_0 {0 0 0};
    %pushi/vec4 1, 0, 1;
    %store/vec4 v0000028e975c06e0_0, 0, 1;
    %delay 10, 0;
    %pushi/vec4 0, 0, 1;
    %store/vec4 v0000028e975c06e0_0, 0, 1;
    %vpi_call 2 52 "$display", "t=%0t: \351\207\215\346\226\260\345\255\230\345\202\250\347\273\223\346\236\234\357\274\214result=%0d (\345\272\224\344\270\272250)", $time, v0000028e975c0140_0 {0 0 0};
    %vpi_call 2 55 "$display", "\012=== \346\265\213\350\257\2253\357\274\232\346\272\242\345\207\272\346\265\213\350\257\225 ===" {0 0 0};
    %pushi/vec4 65535, 0, 16;
    %store/vec4 v0000028e975c0c80_0, 0, 16;
    %pushi/vec4 1, 0, 16;
    %store/vec4 v0000028e975c14a0_0, 0, 16;
    %pushi/vec4 1, 0, 1;
    %store/vec4 v0000028e975c0640_0, 0, 1;
    %pushi/vec4 1, 0, 1;
    %store/vec4 v0000028e975c0dc0_0, 0, 1;
    %delay 10, 0;
    %pushi/vec4 0, 0, 1;
    %store/vec4 v0000028e975c0640_0, 0, 1;
    %pushi/vec4 0, 0, 1;
    %store/vec4 v0000028e975c0dc0_0, 0, 1;
    %pushi/vec4 1, 0, 1;
    %store/vec4 v0000028e975c06e0_0, 0, 1;
    %delay 10, 0;
    %pushi/vec4 0, 0, 1;
    %store/vec4 v0000028e975c06e0_0, 0, 1;
    %vpi_call 2 59 "$display", "t=%0t: 65535+1=%0d cout=%0d", $time, v0000028e975c0140_0, v0000028e975c0b40_0 {0 0 0};
    %pushi/vec4 0, 0, 1;
    %store/vec4 v0000028e975c0960_0, 0, 1;
    %delay 10, 0;
    %pushi/vec4 1, 0, 1;
    %store/vec4 v0000028e975c0960_0, 0, 1;
    %vpi_call 2 63 "$display", "t=%0t: \345\244\215\344\275\215\345\220\216\347\273\223\346\236\234=%0d", $time, v0000028e975c0140_0 {0 0 0};
    %delay 20, 0;
    %vpi_call 2 65 "$finish" {0 0 0};
    %end;
    .thread T_5;
# The file index is used to find the file name in the following table.
:file_names 6;
    "N/A";
    "<interactive>";
    "tb.v";
    "system.v";
    "adder_16bits.v";
    "dff_16bit.v";
